2015-06-16 20:01:36.069	 WARN	[main]	CLASE: HibernatePersistence	 METODO: logDeprecation	LINEA:58	MSJE:HHH015016: Encountered a deprecated javax.persistence.spi.PersistenceProvider [org.hibernate.ejb.HibernatePersistence]; use [org.hibernate.jpa.HibernatePersistenceProvider] instead.
2015-06-16 20:01:36.069	 WARN	[main]	CLASE: HibernatePersistence	 METODO: logDeprecation	LINEA:58	MSJE:HHH015016: Encountered a deprecated javax.persistence.spi.PersistenceProvider [org.hibernate.ejb.HibernatePersistence]; use [org.hibernate.jpa.HibernatePersistenceProvider] instead.
2015-06-16 20:01:36.069	 WARN	[main]	CLASE: HibernatePersistence	 METODO: logDeprecation	LINEA:58	MSJE:HHH015016: Encountered a deprecated javax.persistence.spi.PersistenceProvider [org.hibernate.ejb.HibernatePersistence]; use [org.hibernate.jpa.HibernatePersistenceProvider] instead.
2015-06-16 20:01:36.576	 INFO	[main]	CLASE: LogHelper	 METODO: logPersistenceUnitInformation	LINEA:46	MSJE:HHH000204: Processing PersistenceUnitInfo [
	name: biosis-PU
	...]
2015-06-16 20:01:36.917	 INFO	[main]	CLASE: Version	 METODO: logVersion	LINEA:54	MSJE:HHH000412: Hibernate Core {4.3.1.Final}
2015-06-16 20:01:36.917	 INFO	[main]	CLASE: Environment	 METODO: <clinit>	LINEA:239	MSJE:HHH000206: hibernate.properties not found
2015-06-16 20:01:36.917	 INFO	[main]	CLASE: Environment	 METODO: buildBytecodeProvider	LINEA:346	MSJE:HHH000021: Bytecode provider name : javassist
2015-06-16 20:01:49.030	 INFO	[main]	CLASE: JavaReflectionManager	 METODO: <clinit>	LINEA:66	MSJE:HCANN000001: Hibernate Commons Annotations {4.0.4.Final}
2015-06-16 20:01:49.295	 WARN	[main]	CLASE: DriverManagerConnectionProviderImpl	 METODO: configure	LINEA:93	MSJE:HHH000402: Using Hibernate built-in connection pool (not for production use!)
2015-06-16 20:01:49.485	 INFO	[main]	CLASE: DriverManagerConnectionProviderImpl	 METODO: buildCreator	LINEA:166	MSJE:HHH000401: using driver [com.microsoft.sqlserver.jdbc.SQLServerDriver] at URL [jdbc:sqlserver://BIOSIS\JUPITER;databaseName=ensa_biosis;sendTimeAsDatetime=false]
2015-06-16 20:01:49.485	 INFO	[main]	CLASE: DriverManagerConnectionProviderImpl	 METODO: buildCreator	LINEA:175	MSJE:HHH000046: Connection properties: {user=sa, password=****}
2015-06-16 20:01:49.501	 INFO	[main]	CLASE: DriverManagerConnectionProviderImpl	 METODO: buildCreator	LINEA:180	MSJE:HHH000006: Autocommit mode: false
2015-06-16 20:01:49.501	 INFO	[main]	CLASE: DriverManagerConnectionProviderImpl	 METODO: configure	LINEA:102	MSJE:HHH000115: Hibernate connection pool size: 20 (min=1)
2015-06-16 20:07:29.544	 WARN	[main]	CLASE: HibernatePersistence	 METODO: logDeprecation	LINEA:58	MSJE:HHH015016: Encountered a deprecated javax.persistence.spi.PersistenceProvider [org.hibernate.ejb.HibernatePersistence]; use [org.hibernate.jpa.HibernatePersistenceProvider] instead.
2015-06-16 20:07:29.613	 WARN	[main]	CLASE: HibernatePersistence	 METODO: logDeprecation	LINEA:58	MSJE:HHH015016: Encountered a deprecated javax.persistence.spi.PersistenceProvider [org.hibernate.ejb.HibernatePersistence]; use [org.hibernate.jpa.HibernatePersistenceProvider] instead.
2015-06-16 20:07:29.615	 WARN	[main]	CLASE: HibernatePersistence	 METODO: logDeprecation	LINEA:58	MSJE:HHH015016: Encountered a deprecated javax.persistence.spi.PersistenceProvider [org.hibernate.ejb.HibernatePersistence]; use [org.hibernate.jpa.HibernatePersistenceProvider] instead.
2015-06-16 20:07:31.006	 INFO	[main]	CLASE: LogHelper	 METODO: logPersistenceUnitInformation	LINEA:46	MSJE:HHH000204: Processing PersistenceUnitInfo [
	name: biosis-PU
	...]
2015-06-16 20:07:31.326	 INFO	[main]	CLASE: Version	 METODO: logVersion	LINEA:54	MSJE:HHH000412: Hibernate Core {4.3.1.Final}
2015-06-16 20:07:31.330	 INFO	[main]	CLASE: Environment	 METODO: <clinit>	LINEA:239	MSJE:HHH000206: hibernate.properties not found
2015-06-16 20:07:31.333	 INFO	[main]	CLASE: Environment	 METODO: buildBytecodeProvider	LINEA:346	MSJE:HHH000021: Bytecode provider name : javassist
2015-06-16 20:07:42.960	 INFO	[main]	CLASE: JavaReflectionManager	 METODO: <clinit>	LINEA:66	MSJE:HCANN000001: Hibernate Commons Annotations {4.0.4.Final}
2015-06-16 20:07:43.116	 WARN	[main]	CLASE: DriverManagerConnectionProviderImpl	 METODO: configure	LINEA:93	MSJE:HHH000402: Using Hibernate built-in connection pool (not for production use!)
2015-06-16 20:07:43.342	 INFO	[main]	CLASE: DriverManagerConnectionProviderImpl	 METODO: buildCreator	LINEA:166	MSJE:HHH000401: using driver [com.microsoft.sqlserver.jdbc.SQLServerDriver] at URL [jdbc:sqlserver://192.168.1.252\JUPITER;databaseName=ensa_biosis;sendTimeAsDatetime=false]
2015-06-16 20:07:43.343	 INFO	[main]	CLASE: DriverManagerConnectionProviderImpl	 METODO: buildCreator	LINEA:175	MSJE:HHH000046: Connection properties: {user=sa, password=****}
2015-06-16 20:07:43.343	 INFO	[main]	CLASE: DriverManagerConnectionProviderImpl	 METODO: buildCreator	LINEA:180	MSJE:HHH000006: Autocommit mode: false
2015-06-16 20:07:43.345	 INFO	[main]	CLASE: DriverManagerConnectionProviderImpl	 METODO: configure	LINEA:102	MSJE:HHH000115: Hibernate connection pool size: 20 (min=1)
2015-06-16 20:07:44.607	 INFO	[main]	CLASE: Dialect	 METODO: <init>	LINEA:145	MSJE:HHH000400: Using dialect: org.hibernate.dialect.SQLServer2008Dialect
2015-06-16 20:07:45.356	 INFO	[main]	CLASE: ASTQueryTranslatorFactory	 METODO: <init>	LINEA:47	MSJE:HHH000397: Using ASTQueryTranslatorFactory
2015-06-16 20:19:04.757	 WARN	[main]	CLASE: HibernatePersistence	 METODO: logDeprecation	LINEA:58	MSJE:HHH015016: Encountered a deprecated javax.persistence.spi.PersistenceProvider [org.hibernate.ejb.HibernatePersistence]; use [org.hibernate.jpa.HibernatePersistenceProvider] instead.
2015-06-16 20:19:04.757	 WARN	[main]	CLASE: HibernatePersistence	 METODO: logDeprecation	LINEA:58	MSJE:HHH015016: Encountered a deprecated javax.persistence.spi.PersistenceProvider [org.hibernate.ejb.HibernatePersistence]; use [org.hibernate.jpa.HibernatePersistenceProvider] instead.
2015-06-16 20:19:04.757	 WARN	[main]	CLASE: HibernatePersistence	 METODO: logDeprecation	LINEA:58	MSJE:HHH015016: Encountered a deprecated javax.persistence.spi.PersistenceProvider [org.hibernate.ejb.HibernatePersistence]; use [org.hibernate.jpa.HibernatePersistenceProvider] instead.
2015-06-16 20:19:04.897	 INFO	[main]	CLASE: LogHelper	 METODO: logPersistenceUnitInformation	LINEA:46	MSJE:HHH000204: Processing PersistenceUnitInfo [
	name: biosis-PU
	...]
2015-06-16 20:19:05.022	 INFO	[main]	CLASE: Version	 METODO: logVersion	LINEA:54	MSJE:HHH000412: Hibernate Core {4.3.1.Final}
2015-06-16 20:19:05.022	 INFO	[main]	CLASE: Environment	 METODO: <clinit>	LINEA:239	MSJE:HHH000206: hibernate.properties not found
2015-06-16 20:19:05.022	 INFO	[main]	CLASE: Environment	 METODO: buildBytecodeProvider	LINEA:346	MSJE:HHH000021: Bytecode provider name : javassist
2015-06-16 20:19:05.646	 INFO	[main]	CLASE: JavaReflectionManager	 METODO: <clinit>	LINEA:66	MSJE:HCANN000001: Hibernate Commons Annotations {4.0.4.Final}
2015-06-16 20:19:05.708	 WARN	[main]	CLASE: DriverManagerConnectionProviderImpl	 METODO: configure	LINEA:93	MSJE:HHH000402: Using Hibernate built-in connection pool (not for production use!)
2015-06-16 20:19:05.755	 INFO	[main]	CLASE: DriverManagerConnectionProviderImpl	 METODO: buildCreator	LINEA:166	MSJE:HHH000401: using driver [com.microsoft.sqlserver.jdbc.SQLServerDriver] at URL [jdbc:sqlserver://192.168.1.252\JUPITER;databaseName=ensa_biosis;sendTimeAsDatetime=false]
2015-06-16 20:19:05.755	 INFO	[main]	CLASE: DriverManagerConnectionProviderImpl	 METODO: buildCreator	LINEA:175	MSJE:HHH000046: Connection properties: {user=sa, password=****}
2015-06-16 20:19:05.755	 INFO	[main]	CLASE: DriverManagerConnectionProviderImpl	 METODO: buildCreator	LINEA:180	MSJE:HHH000006: Autocommit mode: false
2015-06-16 20:19:05.755	 INFO	[main]	CLASE: DriverManagerConnectionProviderImpl	 METODO: configure	LINEA:102	MSJE:HHH000115: Hibernate connection pool size: 20 (min=1)
2015-06-16 20:19:06.161	 INFO	[main]	CLASE: Dialect	 METODO: <init>	LINEA:145	MSJE:HHH000400: Using dialect: org.hibernate.dialect.SQLServer2008Dialect
2015-06-16 20:19:06.551	 INFO	[main]	CLASE: ASTQueryTranslatorFactory	 METODO: <init>	LINEA:47	MSJE:HHH000397: Using ASTQueryTranslatorFactory
2015-06-16 20:26:27.228	 WARN	[main]	CLASE: HibernatePersistence	 METODO: logDeprecation	LINEA:58	MSJE:HHH015016: Encountered a deprecated javax.persistence.spi.PersistenceProvider [org.hibernate.ejb.HibernatePersistence]; use [org.hibernate.jpa.HibernatePersistenceProvider] instead.
2015-06-16 20:26:27.228	 WARN	[main]	CLASE: HibernatePersistence	 METODO: logDeprecation	LINEA:58	MSJE:HHH015016: Encountered a deprecated javax.persistence.spi.PersistenceProvider [org.hibernate.ejb.HibernatePersistence]; use [org.hibernate.jpa.HibernatePersistenceProvider] instead.
2015-06-16 20:26:27.228	 WARN	[main]	CLASE: HibernatePersistence	 METODO: logDeprecation	LINEA:58	MSJE:HHH015016: Encountered a deprecated javax.persistence.spi.PersistenceProvider [org.hibernate.ejb.HibernatePersistence]; use [org.hibernate.jpa.HibernatePersistenceProvider] instead.
2015-06-16 20:26:27.368	 INFO	[main]	CLASE: LogHelper	 METODO: logPersistenceUnitInformation	LINEA:46	MSJE:HHH000204: Processing PersistenceUnitInfo [
	name: biosis-PU
	...]
2015-06-16 20:26:27.478	 INFO	[main]	CLASE: Version	 METODO: logVersion	LINEA:54	MSJE:HHH000412: Hibernate Core {4.3.1.Final}
2015-06-16 20:26:27.478	 INFO	[main]	CLASE: Environment	 METODO: <clinit>	LINEA:239	MSJE:HHH000206: hibernate.properties not found
2015-06-16 20:26:27.493	 INFO	[main]	CLASE: Environment	 METODO: buildBytecodeProvider	LINEA:346	MSJE:HHH000021: Bytecode provider name : javassist
2015-06-16 20:26:28.137	 INFO	[main]	CLASE: JavaReflectionManager	 METODO: <clinit>	LINEA:66	MSJE:HCANN000001: Hibernate Commons Annotations {4.0.4.Final}
2015-06-16 20:26:28.184	 WARN	[main]	CLASE: DriverManagerConnectionProviderImpl	 METODO: configure	LINEA:93	MSJE:HHH000402: Using Hibernate built-in connection pool (not for production use!)
2015-06-16 20:26:28.246	 INFO	[main]	CLASE: DriverManagerConnectionProviderImpl	 METODO: buildCreator	LINEA:166	MSJE:HHH000401: using driver [com.microsoft.sqlserver.jdbc.SQLServerDriver] at URL [jdbc:sqlserver://192.168.1.252\JUPITER;databaseName=ensa_biosis;sendTimeAsDatetime=false]
2015-06-16 20:26:28.246	 INFO	[main]	CLASE: DriverManagerConnectionProviderImpl	 METODO: buildCreator	LINEA:175	MSJE:HHH000046: Connection properties: {user=sa, password=****}
2015-06-16 20:26:28.246	 INFO	[main]	CLASE: DriverManagerConnectionProviderImpl	 METODO: buildCreator	LINEA:180	MSJE:HHH000006: Autocommit mode: false
2015-06-16 20:26:28.246	 INFO	[main]	CLASE: DriverManagerConnectionProviderImpl	 METODO: configure	LINEA:102	MSJE:HHH000115: Hibernate connection pool size: 20 (min=1)
2015-06-16 20:26:28.964	 INFO	[main]	CLASE: Dialect	 METODO: <init>	LINEA:145	MSJE:HHH000400: Using dialect: org.hibernate.dialect.SQLServer2008Dialect
2015-06-16 20:26:29.354	 INFO	[main]	CLASE: ASTQueryTranslatorFactory	 METODO: <init>	LINEA:47	MSJE:HHH000397: Using ASTQueryTranslatorFactory
2015-06-16 20:28:25.620	 WARN	[main]	CLASE: HibernatePersistence	 METODO: logDeprecation	LINEA:58	MSJE:HHH015016: Encountered a deprecated javax.persistence.spi.PersistenceProvider [org.hibernate.ejb.HibernatePersistence]; use [org.hibernate.jpa.HibernatePersistenceProvider] instead.
2015-06-16 20:28:25.620	 WARN	[main]	CLASE: HibernatePersistence	 METODO: logDeprecation	LINEA:58	MSJE:HHH015016: Encountered a deprecated javax.persistence.spi.PersistenceProvider [org.hibernate.ejb.HibernatePersistence]; use [org.hibernate.jpa.HibernatePersistenceProvider] instead.
2015-06-16 20:28:25.620	 WARN	[main]	CLASE: HibernatePersistence	 METODO: logDeprecation	LINEA:58	MSJE:HHH015016: Encountered a deprecated javax.persistence.spi.PersistenceProvider [org.hibernate.ejb.HibernatePersistence]; use [org.hibernate.jpa.HibernatePersistenceProvider] instead.
2015-06-16 20:28:25.761	 INFO	[main]	CLASE: LogHelper	 METODO: logPersistenceUnitInformation	LINEA:46	MSJE:HHH000204: Processing PersistenceUnitInfo [
	name: biosis-PU
	...]
2015-06-16 20:28:25.885	 INFO	[main]	CLASE: Version	 METODO: logVersion	LINEA:54	MSJE:HHH000412: Hibernate Core {4.3.1.Final}
2015-06-16 20:28:25.885	 INFO	[main]	CLASE: Environment	 METODO: <clinit>	LINEA:239	MSJE:HHH000206: hibernate.properties not found
2015-06-16 20:28:25.885	 INFO	[main]	CLASE: Environment	 METODO: buildBytecodeProvider	LINEA:346	MSJE:HHH000021: Bytecode provider name : javassist
2015-06-16 20:28:26.528	 INFO	[main]	CLASE: JavaReflectionManager	 METODO: <clinit>	LINEA:66	MSJE:HCANN000001: Hibernate Commons Annotations {4.0.4.Final}
2015-06-16 20:28:26.590	 WARN	[main]	CLASE: DriverManagerConnectionProviderImpl	 METODO: configure	LINEA:93	MSJE:HHH000402: Using Hibernate built-in connection pool (not for production use!)
2015-06-16 20:28:26.653	 INFO	[main]	CLASE: DriverManagerConnectionProviderImpl	 METODO: buildCreator	LINEA:166	MSJE:HHH000401: using driver [com.microsoft.sqlserver.jdbc.SQLServerDriver] at URL [jdbc:sqlserver://192.168.1.252\JUPITER;databaseName=ensa_biosis;sendTimeAsDatetime=false]
2015-06-16 20:28:26.653	 INFO	[main]	CLASE: DriverManagerConnectionProviderImpl	 METODO: buildCreator	LINEA:175	MSJE:HHH000046: Connection properties: {user=sa, password=****}
2015-06-16 20:28:26.653	 INFO	[main]	CLASE: DriverManagerConnectionProviderImpl	 METODO: buildCreator	LINEA:180	MSJE:HHH000006: Autocommit mode: false
2015-06-16 20:28:26.653	 INFO	[main]	CLASE: DriverManagerConnectionProviderImpl	 METODO: configure	LINEA:102	MSJE:HHH000115: Hibernate connection pool size: 20 (min=1)
2015-06-16 20:28:27.292	 INFO	[main]	CLASE: Dialect	 METODO: <init>	LINEA:145	MSJE:HHH000400: Using dialect: org.hibernate.dialect.SQLServer2008Dialect
2015-06-16 20:28:27.682	 INFO	[main]	CLASE: ASTQueryTranslatorFactory	 METODO: <init>	LINEA:47	MSJE:HHH000397: Using ASTQueryTranslatorFactory
2015-06-16 20:31:57.051	 WARN	[main]	CLASE: HibernatePersistence	 METODO: logDeprecation	LINEA:58	MSJE:HHH015016: Encountered a deprecated javax.persistence.spi.PersistenceProvider [org.hibernate.ejb.HibernatePersistence]; use [org.hibernate.jpa.HibernatePersistenceProvider] instead.
2015-06-16 20:31:57.066	 WARN	[main]	CLASE: HibernatePersistence	 METODO: logDeprecation	LINEA:58	MSJE:HHH015016: Encountered a deprecated javax.persistence.spi.PersistenceProvider [org.hibernate.ejb.HibernatePersistence]; use [org.hibernate.jpa.HibernatePersistenceProvider] instead.
2015-06-16 20:31:57.066	 WARN	[main]	CLASE: HibernatePersistence	 METODO: logDeprecation	LINEA:58	MSJE:HHH015016: Encountered a deprecated javax.persistence.spi.PersistenceProvider [org.hibernate.ejb.HibernatePersistence]; use [org.hibernate.jpa.HibernatePersistenceProvider] instead.
2015-06-16 20:31:57.191	 INFO	[main]	CLASE: LogHelper	 METODO: logPersistenceUnitInformation	LINEA:46	MSJE:HHH000204: Processing PersistenceUnitInfo [
	name: biosis-PU
	...]
2015-06-16 20:31:57.300	 INFO	[main]	CLASE: Version	 METODO: logVersion	LINEA:54	MSJE:HHH000412: Hibernate Core {4.3.1.Final}
2015-06-16 20:31:57.316	 INFO	[main]	CLASE: Environment	 METODO: <clinit>	LINEA:239	MSJE:HHH000206: hibernate.properties not found
2015-06-16 20:31:57.316	 INFO	[main]	CLASE: Environment	 METODO: buildBytecodeProvider	LINEA:346	MSJE:HHH000021: Bytecode provider name : javassist
2015-06-16 20:31:57.943	 INFO	[main]	CLASE: JavaReflectionManager	 METODO: <clinit>	LINEA:66	MSJE:HCANN000001: Hibernate Commons Annotations {4.0.4.Final}
2015-06-16 20:31:58.007	 WARN	[main]	CLASE: DriverManagerConnectionProviderImpl	 METODO: configure	LINEA:93	MSJE:HHH000402: Using Hibernate built-in connection pool (not for production use!)
2015-06-16 20:31:58.054	 INFO	[main]	CLASE: DriverManagerConnectionProviderImpl	 METODO: buildCreator	LINEA:166	MSJE:HHH000401: using driver [com.microsoft.sqlserver.jdbc.SQLServerDriver] at URL [jdbc:sqlserver://192.168.1.252\JUPITER;databaseName=ensa_biosis;sendTimeAsDatetime=false]
2015-06-16 20:31:58.070	 INFO	[main]	CLASE: DriverManagerConnectionProviderImpl	 METODO: buildCreator	LINEA:175	MSJE:HHH000046: Connection properties: {user=sa, password=****}
2015-06-16 20:31:58.070	 INFO	[main]	CLASE: DriverManagerConnectionProviderImpl	 METODO: buildCreator	LINEA:180	MSJE:HHH000006: Autocommit mode: false
2015-06-16 20:31:58.070	 INFO	[main]	CLASE: DriverManagerConnectionProviderImpl	 METODO: configure	LINEA:102	MSJE:HHH000115: Hibernate connection pool size: 20 (min=1)
2015-06-16 20:31:59.115	 INFO	[main]	CLASE: Dialect	 METODO: <init>	LINEA:145	MSJE:HHH000400: Using dialect: org.hibernate.dialect.SQLServer2008Dialect
2015-06-16 20:31:59.505	 INFO	[main]	CLASE: ASTQueryTranslatorFactory	 METODO: <init>	LINEA:47	MSJE:HHH000397: Using ASTQueryTranslatorFactory
2015-06-16 20:36:11.430	 WARN	[main]	CLASE: HibernatePersistence	 METODO: logDeprecation	LINEA:58	MSJE:HHH015016: Encountered a deprecated javax.persistence.spi.PersistenceProvider [org.hibernate.ejb.HibernatePersistence]; use [org.hibernate.jpa.HibernatePersistenceProvider] instead.
2015-06-16 20:36:11.430	 WARN	[main]	CLASE: HibernatePersistence	 METODO: logDeprecation	LINEA:58	MSJE:HHH015016: Encountered a deprecated javax.persistence.spi.PersistenceProvider [org.hibernate.ejb.HibernatePersistence]; use [org.hibernate.jpa.HibernatePersistenceProvider] instead.
2015-06-16 20:36:11.446	 WARN	[main]	CLASE: HibernatePersistence	 METODO: logDeprecation	LINEA:58	MSJE:HHH015016: Encountered a deprecated javax.persistence.spi.PersistenceProvider [org.hibernate.ejb.HibernatePersistence]; use [org.hibernate.jpa.HibernatePersistenceProvider] instead.
2015-06-16 20:36:11.570	 INFO	[main]	CLASE: LogHelper	 METODO: logPersistenceUnitInformation	LINEA:46	MSJE:HHH000204: Processing PersistenceUnitInfo [
	name: biosis-PU
	...]
2015-06-16 20:36:11.680	 INFO	[main]	CLASE: Version	 METODO: logVersion	LINEA:54	MSJE:HHH000412: Hibernate Core {4.3.1.Final}
2015-06-16 20:36:11.695	 INFO	[main]	CLASE: Environment	 METODO: <clinit>	LINEA:239	MSJE:HHH000206: hibernate.properties not found
2015-06-16 20:36:11.695	 INFO	[main]	CLASE: Environment	 METODO: buildBytecodeProvider	LINEA:346	MSJE:HHH000021: Bytecode provider name : javassist
2015-06-16 20:36:12.319	 INFO	[main]	CLASE: JavaReflectionManager	 METODO: <clinit>	LINEA:66	MSJE:HCANN000001: Hibernate Commons Annotations {4.0.4.Final}
2015-06-16 20:36:12.366	 WARN	[main]	CLASE: DriverManagerConnectionProviderImpl	 METODO: configure	LINEA:93	MSJE:HHH000402: Using Hibernate built-in connection pool (not for production use!)
2015-06-16 20:36:12.428	 INFO	[main]	CLASE: DriverManagerConnectionProviderImpl	 METODO: buildCreator	LINEA:166	MSJE:HHH000401: using driver [com.microsoft.sqlserver.jdbc.SQLServerDriver] at URL [jdbc:sqlserver://192.168.1.252\JUPITER;databaseName=ensa_biosis;sendTimeAsDatetime=false]
2015-06-16 20:36:12.428	 INFO	[main]	CLASE: DriverManagerConnectionProviderImpl	 METODO: buildCreator	LINEA:175	MSJE:HHH000046: Connection properties: {user=sa, password=****}
2015-06-16 20:36:12.428	 INFO	[main]	CLASE: DriverManagerConnectionProviderImpl	 METODO: buildCreator	LINEA:180	MSJE:HHH000006: Autocommit mode: false
2015-06-16 20:36:12.428	 INFO	[main]	CLASE: DriverManagerConnectionProviderImpl	 METODO: configure	LINEA:102	MSJE:HHH000115: Hibernate connection pool size: 20 (min=1)
2015-06-16 20:36:13.068	 INFO	[main]	CLASE: Dialect	 METODO: <init>	LINEA:145	MSJE:HHH000400: Using dialect: org.hibernate.dialect.SQLServer2008Dialect
2015-06-16 20:36:13.458	 INFO	[main]	CLASE: ASTQueryTranslatorFactory	 METODO: <init>	LINEA:47	MSJE:HHH000397: Using ASTQueryTranslatorFactory
2015-06-17 09:35:27.625	 WARN	[main]	CLASE: HibernatePersistence	 METODO: logDeprecation	LINEA:58	MSJE:HHH015016: Encountered a deprecated javax.persistence.spi.PersistenceProvider [org.hibernate.ejb.HibernatePersistence]; use [org.hibernate.jpa.HibernatePersistenceProvider] instead.
2015-06-17 09:35:27.625	 WARN	[main]	CLASE: HibernatePersistence	 METODO: logDeprecation	LINEA:58	MSJE:HHH015016: Encountered a deprecated javax.persistence.spi.PersistenceProvider [org.hibernate.ejb.HibernatePersistence]; use [org.hibernate.jpa.HibernatePersistenceProvider] instead.
2015-06-17 09:35:27.625	 WARN	[main]	CLASE: HibernatePersistence	 METODO: logDeprecation	LINEA:58	MSJE:HHH015016: Encountered a deprecated javax.persistence.spi.PersistenceProvider [org.hibernate.ejb.HibernatePersistence]; use [org.hibernate.jpa.HibernatePersistenceProvider] instead.
2015-06-17 09:35:29.547	 INFO	[main]	CLASE: LogHelper	 METODO: logPersistenceUnitInformation	LINEA:46	MSJE:HHH000204: Processing PersistenceUnitInfo [
	name: biosis-PU
	...]
2015-06-17 09:35:30.443	 INFO	[main]	CLASE: Version	 METODO: logVersion	LINEA:54	MSJE:HHH000412: Hibernate Core {4.3.1.Final}
2015-06-17 09:35:30.449	 INFO	[main]	CLASE: Environment	 METODO: <clinit>	LINEA:239	MSJE:HHH000206: hibernate.properties not found
2015-06-17 09:35:30.465	 INFO	[main]	CLASE: Environment	 METODO: buildBytecodeProvider	LINEA:346	MSJE:HHH000021: Bytecode provider name : javassist
2015-06-17 09:35:50.267	 INFO	[main]	CLASE: JavaReflectionManager	 METODO: <clinit>	LINEA:66	MSJE:HCANN000001: Hibernate Commons Annotations {4.0.4.Final}
2015-06-17 09:35:50.535	 WARN	[main]	CLASE: DriverManagerConnectionProviderImpl	 METODO: configure	LINEA:93	MSJE:HHH000402: Using Hibernate built-in connection pool (not for production use!)
2015-06-17 09:35:50.644	 INFO	[main]	CLASE: DriverManagerConnectionProviderImpl	 METODO: buildCreator	LINEA:166	MSJE:HHH000401: using driver [com.microsoft.sqlserver.jdbc.SQLServerDriver] at URL [jdbc:sqlserver://192.168.1.252\JUPITER;databaseName=ensa_biosis;sendTimeAsDatetime=false]
2015-06-17 09:35:50.644	 INFO	[main]	CLASE: DriverManagerConnectionProviderImpl	 METODO: buildCreator	LINEA:175	MSJE:HHH000046: Connection properties: {user=sa, password=****}
2015-06-17 09:35:50.644	 INFO	[main]	CLASE: DriverManagerConnectionProviderImpl	 METODO: buildCreator	LINEA:180	MSJE:HHH000006: Autocommit mode: false
2015-06-17 09:35:50.644	 INFO	[main]	CLASE: DriverManagerConnectionProviderImpl	 METODO: configure	LINEA:102	MSJE:HHH000115: Hibernate connection pool size: 20 (min=1)
2015-06-17 09:36:05.525	ERROR	[main]	CLASE: DAO	 METODO: buscar	LINEA:178	MSJE:ERROR AL BUSCAR: null null
2015-06-17 09:39:49.346	 WARN	[main]	CLASE: HibernatePersistence	 METODO: logDeprecation	LINEA:58	MSJE:HHH015016: Encountered a deprecated javax.persistence.spi.PersistenceProvider [org.hibernate.ejb.HibernatePersistence]; use [org.hibernate.jpa.HibernatePersistenceProvider] instead.
2015-06-17 09:39:49.346	 WARN	[main]	CLASE: HibernatePersistence	 METODO: logDeprecation	LINEA:58	MSJE:HHH015016: Encountered a deprecated javax.persistence.spi.PersistenceProvider [org.hibernate.ejb.HibernatePersistence]; use [org.hibernate.jpa.HibernatePersistenceProvider] instead.
2015-06-17 09:39:49.346	 WARN	[main]	CLASE: HibernatePersistence	 METODO: logDeprecation	LINEA:58	MSJE:HHH015016: Encountered a deprecated javax.persistence.spi.PersistenceProvider [org.hibernate.ejb.HibernatePersistence]; use [org.hibernate.jpa.HibernatePersistenceProvider] instead.
2015-06-17 09:39:49.519	 INFO	[main]	CLASE: LogHelper	 METODO: logPersistenceUnitInformation	LINEA:46	MSJE:HHH000204: Processing PersistenceUnitInfo [
	name: biosis-PU
	...]
2015-06-17 09:39:49.659	 INFO	[main]	CLASE: Version	 METODO: logVersion	LINEA:54	MSJE:HHH000412: Hibernate Core {4.3.1.Final}
2015-06-17 09:39:49.675	 INFO	[main]	CLASE: Environment	 METODO: <clinit>	LINEA:239	MSJE:HHH000206: hibernate.properties not found
2015-06-17 09:39:49.675	 INFO	[main]	CLASE: Environment	 METODO: buildBytecodeProvider	LINEA:346	MSJE:HHH000021: Bytecode provider name : javassist
2015-06-17 09:39:50.455	 INFO	[main]	CLASE: JavaReflectionManager	 METODO: <clinit>	LINEA:66	MSJE:HCANN000001: Hibernate Commons Annotations {4.0.4.Final}
2015-06-17 09:39:50.579	 WARN	[main]	CLASE: DriverManagerConnectionProviderImpl	 METODO: configure	LINEA:93	MSJE:HHH000402: Using Hibernate built-in connection pool (not for production use!)
2015-06-17 09:39:50.673	 INFO	[main]	CLASE: DriverManagerConnectionProviderImpl	 METODO: buildCreator	LINEA:166	MSJE:HHH000401: using driver [com.microsoft.sqlserver.jdbc.SQLServerDriver] at URL [jdbc:sqlserver://127.0.0.1\MSS2005EX;databaseName=sm_biosis;sendTimeAsDatetime=false]
2015-06-17 09:39:50.673	 INFO	[main]	CLASE: DriverManagerConnectionProviderImpl	 METODO: buildCreator	LINEA:175	MSJE:HHH000046: Connection properties: {user=sa, password=****}
2015-06-17 09:39:50.673	 INFO	[main]	CLASE: DriverManagerConnectionProviderImpl	 METODO: buildCreator	LINEA:180	MSJE:HHH000006: Autocommit mode: false
2015-06-17 09:39:50.689	 INFO	[main]	CLASE: DriverManagerConnectionProviderImpl	 METODO: configure	LINEA:102	MSJE:HHH000115: Hibernate connection pool size: 20 (min=1)
2015-06-17 09:39:57.123	 INFO	[main]	CLASE: Dialect	 METODO: <init>	LINEA:145	MSJE:HHH000400: Using dialect: org.hibernate.dialect.SQLServer2005Dialect
2015-06-17 09:39:57.919	 INFO	[main]	CLASE: ASTQueryTranslatorFactory	 METODO: <init>	LINEA:47	MSJE:HHH000397: Using ASTQueryTranslatorFactory
2015-06-17 10:41:57.835	 WARN	[main]	CLASE: HibernatePersistence	 METODO: logDeprecation	LINEA:58	MSJE:HHH015016: Encountered a deprecated javax.persistence.spi.PersistenceProvider [org.hibernate.ejb.HibernatePersistence]; use [org.hibernate.jpa.HibernatePersistenceProvider] instead.
2015-06-17 10:41:57.882	 WARN	[main]	CLASE: HibernatePersistence	 METODO: logDeprecation	LINEA:58	MSJE:HHH015016: Encountered a deprecated javax.persistence.spi.PersistenceProvider [org.hibernate.ejb.HibernatePersistence]; use [org.hibernate.jpa.HibernatePersistenceProvider] instead.
2015-06-17 10:41:57.882	 WARN	[main]	CLASE: HibernatePersistence	 METODO: logDeprecation	LINEA:58	MSJE:HHH015016: Encountered a deprecated javax.persistence.spi.PersistenceProvider [org.hibernate.ejb.HibernatePersistence]; use [org.hibernate.jpa.HibernatePersistenceProvider] instead.
2015-06-17 10:41:58.038	 INFO	[main]	CLASE: LogHelper	 METODO: logPersistenceUnitInformation	LINEA:46	MSJE:HHH000204: Processing PersistenceUnitInfo [
	name: biosis-PU
	...]
2015-06-17 10:41:58.163	 INFO	[main]	CLASE: Version	 METODO: logVersion	LINEA:54	MSJE:HHH000412: Hibernate Core {4.3.1.Final}
2015-06-17 10:41:58.163	 INFO	[main]	CLASE: Environment	 METODO: <clinit>	LINEA:239	MSJE:HHH000206: hibernate.properties not found
2015-06-17 10:41:58.163	 INFO	[main]	CLASE: Environment	 METODO: buildBytecodeProvider	LINEA:346	MSJE:HHH000021: Bytecode provider name : javassist
2015-06-17 10:42:03.105	 INFO	[main]	CLASE: JavaReflectionManager	 METODO: <clinit>	LINEA:66	MSJE:HCANN000001: Hibernate Commons Annotations {4.0.4.Final}
2015-06-17 10:42:03.167	 WARN	[main]	CLASE: DriverManagerConnectionProviderImpl	 METODO: configure	LINEA:93	MSJE:HHH000402: Using Hibernate built-in connection pool (not for production use!)
2015-06-17 10:42:03.214	 INFO	[main]	CLASE: DriverManagerConnectionProviderImpl	 METODO: buildCreator	LINEA:166	MSJE:HHH000401: using driver [com.microsoft.sqlserver.jdbc.SQLServerDriver] at URL [jdbc:sqlserver://127.0.0.1\MSS2005EX;databaseName=sm_biosis;sendTimeAsDatetime=false]
2015-06-17 10:42:03.214	 INFO	[main]	CLASE: DriverManagerConnectionProviderImpl	 METODO: buildCreator	LINEA:175	MSJE:HHH000046: Connection properties: {user=sa, password=****}
2015-06-17 10:42:03.214	 INFO	[main]	CLASE: DriverManagerConnectionProviderImpl	 METODO: buildCreator	LINEA:180	MSJE:HHH000006: Autocommit mode: false
2015-06-17 10:42:03.229	 INFO	[main]	CLASE: DriverManagerConnectionProviderImpl	 METODO: configure	LINEA:102	MSJE:HHH000115: Hibernate connection pool size: 20 (min=1)
2015-06-17 10:42:05.790	 INFO	[main]	CLASE: Dialect	 METODO: <init>	LINEA:145	MSJE:HHH000400: Using dialect: org.hibernate.dialect.SQLServer2005Dialect
2015-06-17 10:42:06.398	 INFO	[main]	CLASE: ASTQueryTranslatorFactory	 METODO: <init>	LINEA:47	MSJE:HHH000397: Using ASTQueryTranslatorFactory
2015-06-17 10:45:12.225	 WARN	[main]	CLASE: HibernatePersistence	 METODO: logDeprecation	LINEA:58	MSJE:HHH015016: Encountered a deprecated javax.persistence.spi.PersistenceProvider [org.hibernate.ejb.HibernatePersistence]; use [org.hibernate.jpa.HibernatePersistenceProvider] instead.
2015-06-17 10:45:12.230	 WARN	[main]	CLASE: HibernatePersistence	 METODO: logDeprecation	LINEA:58	MSJE:HHH015016: Encountered a deprecated javax.persistence.spi.PersistenceProvider [org.hibernate.ejb.HibernatePersistence]; use [org.hibernate.jpa.HibernatePersistenceProvider] instead.
2015-06-17 10:45:12.231	 WARN	[main]	CLASE: HibernatePersistence	 METODO: logDeprecation	LINEA:58	MSJE:HHH015016: Encountered a deprecated javax.persistence.spi.PersistenceProvider [org.hibernate.ejb.HibernatePersistence]; use [org.hibernate.jpa.HibernatePersistenceProvider] instead.
2015-06-17 10:45:12.419	 INFO	[main]	CLASE: LogHelper	 METODO: logPersistenceUnitInformation	LINEA:46	MSJE:HHH000204: Processing PersistenceUnitInfo [
	name: biosis-PU
	...]
2015-06-17 10:45:12.567	 INFO	[main]	CLASE: Version	 METODO: logVersion	LINEA:54	MSJE:HHH000412: Hibernate Core {4.3.1.Final}
2015-06-17 10:45:12.572	 INFO	[main]	CLASE: Environment	 METODO: <clinit>	LINEA:239	MSJE:HHH000206: hibernate.properties not found
2015-06-17 10:45:12.575	 INFO	[main]	CLASE: Environment	 METODO: buildBytecodeProvider	LINEA:346	MSJE:HHH000021: Bytecode provider name : javassist
2015-06-17 10:45:13.340	 INFO	[main]	CLASE: JavaReflectionManager	 METODO: <clinit>	LINEA:66	MSJE:HCANN000001: Hibernate Commons Annotations {4.0.4.Final}
2015-06-17 10:45:13.420	 WARN	[main]	CLASE: DriverManagerConnectionProviderImpl	 METODO: configure	LINEA:93	MSJE:HHH000402: Using Hibernate built-in connection pool (not for production use!)
2015-06-17 10:45:13.501	 INFO	[main]	CLASE: DriverManagerConnectionProviderImpl	 METODO: buildCreator	LINEA:166	MSJE:HHH000401: using driver [com.microsoft.sqlserver.jdbc.SQLServerDriver] at URL [jdbc:sqlserver://127.0.0.1\MSS2005EX;databaseName=sm_biosis;sendTimeAsDatetime=false]
2015-06-17 10:45:13.502	 INFO	[main]	CLASE: DriverManagerConnectionProviderImpl	 METODO: buildCreator	LINEA:175	MSJE:HHH000046: Connection properties: {user=sa, password=****}
2015-06-17 10:45:13.502	 INFO	[main]	CLASE: DriverManagerConnectionProviderImpl	 METODO: buildCreator	LINEA:180	MSJE:HHH000006: Autocommit mode: false
2015-06-17 10:45:13.504	 INFO	[main]	CLASE: DriverManagerConnectionProviderImpl	 METODO: configure	LINEA:102	MSJE:HHH000115: Hibernate connection pool size: 20 (min=1)
2015-06-17 10:45:13.885	 INFO	[main]	CLASE: Dialect	 METODO: <init>	LINEA:145	MSJE:HHH000400: Using dialect: org.hibernate.dialect.SQLServer2005Dialect
2015-06-17 10:45:14.350	 INFO	[main]	CLASE: ASTQueryTranslatorFactory	 METODO: <init>	LINEA:47	MSJE:HHH000397: Using ASTQueryTranslatorFactory
2015-06-17 10:46:26.982	 WARN	[main]	CLASE: HibernatePersistence	 METODO: logDeprecation	LINEA:58	MSJE:HHH015016: Encountered a deprecated javax.persistence.spi.PersistenceProvider [org.hibernate.ejb.HibernatePersistence]; use [org.hibernate.jpa.HibernatePersistenceProvider] instead.
2015-06-17 10:46:26.997	 WARN	[main]	CLASE: HibernatePersistence	 METODO: logDeprecation	LINEA:58	MSJE:HHH015016: Encountered a deprecated javax.persistence.spi.PersistenceProvider [org.hibernate.ejb.HibernatePersistence]; use [org.hibernate.jpa.HibernatePersistenceProvider] instead.
2015-06-17 10:46:26.997	 WARN	[main]	CLASE: HibernatePersistence	 METODO: logDeprecation	LINEA:58	MSJE:HHH015016: Encountered a deprecated javax.persistence.spi.PersistenceProvider [org.hibernate.ejb.HibernatePersistence]; use [org.hibernate.jpa.HibernatePersistenceProvider] instead.
2015-06-17 10:46:27.107	 INFO	[main]	CLASE: LogHelper	 METODO: logPersistenceUnitInformation	LINEA:46	MSJE:HHH000204: Processing PersistenceUnitInfo [
	name: biosis-PU
	...]
2015-06-17 10:46:27.216	 INFO	[main]	CLASE: Version	 METODO: logVersion	LINEA:54	MSJE:HHH000412: Hibernate Core {4.3.1.Final}
2015-06-17 10:46:27.216	 INFO	[main]	CLASE: Environment	 METODO: <clinit>	LINEA:239	MSJE:HHH000206: hibernate.properties not found
2015-06-17 10:46:27.216	 INFO	[main]	CLASE: Environment	 METODO: buildBytecodeProvider	LINEA:346	MSJE:HHH000021: Bytecode provider name : javassist
2015-06-17 10:46:27.851	 INFO	[main]	CLASE: JavaReflectionManager	 METODO: <clinit>	LINEA:66	MSJE:HCANN000001: Hibernate Commons Annotations {4.0.4.Final}
2015-06-17 10:46:27.898	 WARN	[main]	CLASE: DriverManagerConnectionProviderImpl	 METODO: configure	LINEA:93	MSJE:HHH000402: Using Hibernate built-in connection pool (not for production use!)
2015-06-17 10:46:27.960	 INFO	[main]	CLASE: DriverManagerConnectionProviderImpl	 METODO: buildCreator	LINEA:166	MSJE:HHH000401: using driver [com.microsoft.sqlserver.jdbc.SQLServerDriver] at URL [jdbc:sqlserver://127.0.0.1\MSS2005EX;databaseName=sm_biosis;sendTimeAsDatetime=false]
2015-06-17 10:46:27.960	 INFO	[main]	CLASE: DriverManagerConnectionProviderImpl	 METODO: buildCreator	LINEA:175	MSJE:HHH000046: Connection properties: {user=sa, password=****}
2015-06-17 10:46:27.960	 INFO	[main]	CLASE: DriverManagerConnectionProviderImpl	 METODO: buildCreator	LINEA:180	MSJE:HHH000006: Autocommit mode: false
2015-06-17 10:46:27.960	 INFO	[main]	CLASE: DriverManagerConnectionProviderImpl	 METODO: configure	LINEA:102	MSJE:HHH000115: Hibernate connection pool size: 20 (min=1)
2015-06-17 10:46:28.334	 INFO	[main]	CLASE: Dialect	 METODO: <init>	LINEA:145	MSJE:HHH000400: Using dialect: org.hibernate.dialect.SQLServer2005Dialect
2015-06-17 10:46:28.740	 INFO	[main]	CLASE: ASTQueryTranslatorFactory	 METODO: <init>	LINEA:47	MSJE:HHH000397: Using ASTQueryTranslatorFactory
2015-06-17 10:48:32.738	 WARN	[main]	CLASE: HibernatePersistence	 METODO: logDeprecation	LINEA:58	MSJE:HHH015016: Encountered a deprecated javax.persistence.spi.PersistenceProvider [org.hibernate.ejb.HibernatePersistence]; use [org.hibernate.jpa.HibernatePersistenceProvider] instead.
2015-06-17 10:48:32.738	 WARN	[main]	CLASE: HibernatePersistence	 METODO: logDeprecation	LINEA:58	MSJE:HHH015016: Encountered a deprecated javax.persistence.spi.PersistenceProvider [org.hibernate.ejb.HibernatePersistence]; use [org.hibernate.jpa.HibernatePersistenceProvider] instead.
2015-06-17 10:48:32.738	 WARN	[main]	CLASE: HibernatePersistence	 METODO: logDeprecation	LINEA:58	MSJE:HHH015016: Encountered a deprecated javax.persistence.spi.PersistenceProvider [org.hibernate.ejb.HibernatePersistence]; use [org.hibernate.jpa.HibernatePersistenceProvider] instead.
2015-06-17 10:48:32.878	 INFO	[main]	CLASE: LogHelper	 METODO: logPersistenceUnitInformation	LINEA:46	MSJE:HHH000204: Processing PersistenceUnitInfo [
	name: biosis-PU
	...]
2015-06-17 10:48:33.003	 INFO	[main]	CLASE: Version	 METODO: logVersion	LINEA:54	MSJE:HHH000412: Hibernate Core {4.3.1.Final}
2015-06-17 10:48:33.003	 INFO	[main]	CLASE: Environment	 METODO: <clinit>	LINEA:239	MSJE:HHH000206: hibernate.properties not found
2015-06-17 10:48:33.003	 INFO	[main]	CLASE: Environment	 METODO: buildBytecodeProvider	LINEA:346	MSJE:HHH000021: Bytecode provider name : javassist
2015-06-17 10:48:33.627	 INFO	[main]	CLASE: JavaReflectionManager	 METODO: <clinit>	LINEA:66	MSJE:HCANN000001: Hibernate Commons Annotations {4.0.4.Final}
2015-06-17 10:48:33.689	 WARN	[main]	CLASE: DriverManagerConnectionProviderImpl	 METODO: configure	LINEA:93	MSJE:HHH000402: Using Hibernate built-in connection pool (not for production use!)
2015-06-17 10:48:33.752	 INFO	[main]	CLASE: DriverManagerConnectionProviderImpl	 METODO: buildCreator	LINEA:166	MSJE:HHH000401: using driver [com.microsoft.sqlserver.jdbc.SQLServerDriver] at URL [jdbc:sqlserver://127.0.0.1\MSS2005EX;databaseName=sm_biosis;sendTimeAsDatetime=false]
2015-06-17 10:48:33.752	 INFO	[main]	CLASE: DriverManagerConnectionProviderImpl	 METODO: buildCreator	LINEA:175	MSJE:HHH000046: Connection properties: {user=sa, password=****}
2015-06-17 10:48:33.752	 INFO	[main]	CLASE: DriverManagerConnectionProviderImpl	 METODO: buildCreator	LINEA:180	MSJE:HHH000006: Autocommit mode: false
2015-06-17 10:48:33.752	 INFO	[main]	CLASE: DriverManagerConnectionProviderImpl	 METODO: configure	LINEA:102	MSJE:HHH000115: Hibernate connection pool size: 20 (min=1)
2015-06-17 10:48:34.049	 INFO	[main]	CLASE: Dialect	 METODO: <init>	LINEA:145	MSJE:HHH000400: Using dialect: org.hibernate.dialect.SQLServer2005Dialect
2015-06-17 10:48:34.470	 INFO	[main]	CLASE: ASTQueryTranslatorFactory	 METODO: <init>	LINEA:47	MSJE:HHH000397: Using ASTQueryTranslatorFactory
2015-06-17 11:23:51.084	 WARN	[main]	CLASE: HibernatePersistence	 METODO: logDeprecation	LINEA:58	MSJE:HHH015016: Encountered a deprecated javax.persistence.spi.PersistenceProvider [org.hibernate.ejb.HibernatePersistence]; use [org.hibernate.jpa.HibernatePersistenceProvider] instead.
2015-06-17 11:23:51.084	 WARN	[main]	CLASE: HibernatePersistence	 METODO: logDeprecation	LINEA:58	MSJE:HHH015016: Encountered a deprecated javax.persistence.spi.PersistenceProvider [org.hibernate.ejb.HibernatePersistence]; use [org.hibernate.jpa.HibernatePersistenceProvider] instead.
2015-06-17 11:23:51.084	 WARN	[main]	CLASE: HibernatePersistence	 METODO: logDeprecation	LINEA:58	MSJE:HHH015016: Encountered a deprecated javax.persistence.spi.PersistenceProvider [org.hibernate.ejb.HibernatePersistence]; use [org.hibernate.jpa.HibernatePersistenceProvider] instead.
2015-06-17 11:23:51.209	 INFO	[main]	CLASE: LogHelper	 METODO: logPersistenceUnitInformation	LINEA:46	MSJE:HHH000204: Processing PersistenceUnitInfo [
	name: biosis-PU
	...]
2015-06-17 11:23:51.334	 INFO	[main]	CLASE: Version	 METODO: logVersion	LINEA:54	MSJE:HHH000412: Hibernate Core {4.3.1.Final}
2015-06-17 11:23:51.334	 INFO	[main]	CLASE: Environment	 METODO: <clinit>	LINEA:239	MSJE:HHH000206: hibernate.properties not found
2015-06-17 11:23:51.334	 INFO	[main]	CLASE: Environment	 METODO: buildBytecodeProvider	LINEA:346	MSJE:HHH000021: Bytecode provider name : javassist
2015-06-17 11:23:52.052	 INFO	[main]	CLASE: JavaReflectionManager	 METODO: <clinit>	LINEA:66	MSJE:HCANN000001: Hibernate Commons Annotations {4.0.4.Final}
2015-06-17 11:23:52.098	 WARN	[main]	CLASE: DriverManagerConnectionProviderImpl	 METODO: configure	LINEA:93	MSJE:HHH000402: Using Hibernate built-in connection pool (not for production use!)
2015-06-17 11:23:52.161	 INFO	[main]	CLASE: DriverManagerConnectionProviderImpl	 METODO: buildCreator	LINEA:166	MSJE:HHH000401: using driver [com.microsoft.sqlserver.jdbc.SQLServerDriver] at URL [jdbc:sqlserver://127.0.0.1\MSS2005EX;databaseName=sm_biosis;sendTimeAsDatetime=false]
2015-06-17 11:23:52.161	 INFO	[main]	CLASE: DriverManagerConnectionProviderImpl	 METODO: buildCreator	LINEA:175	MSJE:HHH000046: Connection properties: {user=sa, password=****}
2015-06-17 11:23:52.161	 INFO	[main]	CLASE: DriverManagerConnectionProviderImpl	 METODO: buildCreator	LINEA:180	MSJE:HHH000006: Autocommit mode: false
2015-06-17 11:23:52.161	 INFO	[main]	CLASE: DriverManagerConnectionProviderImpl	 METODO: configure	LINEA:102	MSJE:HHH000115: Hibernate connection pool size: 20 (min=1)
2015-06-17 11:23:52.816	 INFO	[main]	CLASE: Dialect	 METODO: <init>	LINEA:145	MSJE:HHH000400: Using dialect: org.hibernate.dialect.SQLServer2005Dialect
2015-06-17 11:23:53.237	 INFO	[main]	CLASE: ASTQueryTranslatorFactory	 METODO: <init>	LINEA:47	MSJE:HHH000397: Using ASTQueryTranslatorFactory
2015-06-17 11:25:40.188	 WARN	[main]	CLASE: HibernatePersistence	 METODO: logDeprecation	LINEA:58	MSJE:HHH015016: Encountered a deprecated javax.persistence.spi.PersistenceProvider [org.hibernate.ejb.HibernatePersistence]; use [org.hibernate.jpa.HibernatePersistenceProvider] instead.
2015-06-17 11:25:40.193	 WARN	[main]	CLASE: HibernatePersistence	 METODO: logDeprecation	LINEA:58	MSJE:HHH015016: Encountered a deprecated javax.persistence.spi.PersistenceProvider [org.hibernate.ejb.HibernatePersistence]; use [org.hibernate.jpa.HibernatePersistenceProvider] instead.
2015-06-17 11:25:40.194	 WARN	[main]	CLASE: HibernatePersistence	 METODO: logDeprecation	LINEA:58	MSJE:HHH015016: Encountered a deprecated javax.persistence.spi.PersistenceProvider [org.hibernate.ejb.HibernatePersistence]; use [org.hibernate.jpa.HibernatePersistenceProvider] instead.
2015-06-17 11:25:40.330	 INFO	[main]	CLASE: LogHelper	 METODO: logPersistenceUnitInformation	LINEA:46	MSJE:HHH000204: Processing PersistenceUnitInfo [
	name: biosis-PU
	...]
2015-06-17 11:25:40.439	 INFO	[main]	CLASE: Version	 METODO: logVersion	LINEA:54	MSJE:HHH000412: Hibernate Core {4.3.1.Final}
2015-06-17 11:25:40.455	 INFO	[main]	CLASE: Environment	 METODO: <clinit>	LINEA:239	MSJE:HHH000206: hibernate.properties not found
2015-06-17 11:25:40.455	 INFO	[main]	CLASE: Environment	 METODO: buildBytecodeProvider	LINEA:346	MSJE:HHH000021: Bytecode provider name : javassist
2015-06-17 11:25:41.110	 INFO	[main]	CLASE: JavaReflectionManager	 METODO: <clinit>	LINEA:66	MSJE:HCANN000001: Hibernate Commons Annotations {4.0.4.Final}
2015-06-17 11:25:41.172	 WARN	[main]	CLASE: DriverManagerConnectionProviderImpl	 METODO: configure	LINEA:93	MSJE:HHH000402: Using Hibernate built-in connection pool (not for production use!)
2015-06-17 11:25:41.219	 INFO	[main]	CLASE: DriverManagerConnectionProviderImpl	 METODO: buildCreator	LINEA:166	MSJE:HHH000401: using driver [com.microsoft.sqlserver.jdbc.SQLServerDriver] at URL [jdbc:sqlserver://127.0.0.1\MSS2005EX;databaseName=sm_biosis;sendTimeAsDatetime=false]
2015-06-17 11:25:41.219	 INFO	[main]	CLASE: DriverManagerConnectionProviderImpl	 METODO: buildCreator	LINEA:175	MSJE:HHH000046: Connection properties: {user=sa, password=****}
2015-06-17 11:25:41.219	 INFO	[main]	CLASE: DriverManagerConnectionProviderImpl	 METODO: buildCreator	LINEA:180	MSJE:HHH000006: Autocommit mode: false
2015-06-17 11:25:41.235	 INFO	[main]	CLASE: DriverManagerConnectionProviderImpl	 METODO: configure	LINEA:102	MSJE:HHH000115: Hibernate connection pool size: 20 (min=1)
2015-06-17 11:25:41.609	 INFO	[main]	CLASE: Dialect	 METODO: <init>	LINEA:145	MSJE:HHH000400: Using dialect: org.hibernate.dialect.SQLServer2005Dialect
2015-06-17 11:25:41.999	 INFO	[main]	CLASE: ASTQueryTranslatorFactory	 METODO: <init>	LINEA:47	MSJE:HHH000397: Using ASTQueryTranslatorFactory
2015-06-17 11:28:16.351	 WARN	[main]	CLASE: HibernatePersistence	 METODO: logDeprecation	LINEA:58	MSJE:HHH015016: Encountered a deprecated javax.persistence.spi.PersistenceProvider [org.hibernate.ejb.HibernatePersistence]; use [org.hibernate.jpa.HibernatePersistenceProvider] instead.
2015-06-17 11:28:16.367	 WARN	[main]	CLASE: HibernatePersistence	 METODO: logDeprecation	LINEA:58	MSJE:HHH015016: Encountered a deprecated javax.persistence.spi.PersistenceProvider [org.hibernate.ejb.HibernatePersistence]; use [org.hibernate.jpa.HibernatePersistenceProvider] instead.
2015-06-17 11:28:16.367	 WARN	[main]	CLASE: HibernatePersistence	 METODO: logDeprecation	LINEA:58	MSJE:HHH015016: Encountered a deprecated javax.persistence.spi.PersistenceProvider [org.hibernate.ejb.HibernatePersistence]; use [org.hibernate.jpa.HibernatePersistenceProvider] instead.
2015-06-17 11:28:16.491	 INFO	[main]	CLASE: LogHelper	 METODO: logPersistenceUnitInformation	LINEA:46	MSJE:HHH000204: Processing PersistenceUnitInfo [
	name: biosis-PU
	...]
2015-06-17 11:28:16.601	 INFO	[main]	CLASE: Version	 METODO: logVersion	LINEA:54	MSJE:HHH000412: Hibernate Core {4.3.1.Final}
2015-06-17 11:28:16.601	 INFO	[main]	CLASE: Environment	 METODO: <clinit>	LINEA:239	MSJE:HHH000206: hibernate.properties not found
2015-06-17 11:28:16.601	 INFO	[main]	CLASE: Environment	 METODO: buildBytecodeProvider	LINEA:346	MSJE:HHH000021: Bytecode provider name : javassist
2015-06-17 11:28:17.228	 INFO	[main]	CLASE: JavaReflectionManager	 METODO: <clinit>	LINEA:66	MSJE:HCANN000001: Hibernate Commons Annotations {4.0.4.Final}
2015-06-17 11:28:17.290	 WARN	[main]	CLASE: DriverManagerConnectionProviderImpl	 METODO: configure	LINEA:93	MSJE:HHH000402: Using Hibernate built-in connection pool (not for production use!)
2015-06-17 11:28:17.352	 INFO	[main]	CLASE: DriverManagerConnectionProviderImpl	 METODO: buildCreator	LINEA:166	MSJE:HHH000401: using driver [com.microsoft.sqlserver.jdbc.SQLServerDriver] at URL [jdbc:sqlserver://127.0.0.1\MSS2005EX;databaseName=sm_biosis;sendTimeAsDatetime=false]
2015-06-17 11:28:17.352	 INFO	[main]	CLASE: DriverManagerConnectionProviderImpl	 METODO: buildCreator	LINEA:175	MSJE:HHH000046: Connection properties: {user=sa, password=****}
2015-06-17 11:28:17.352	 INFO	[main]	CLASE: DriverManagerConnectionProviderImpl	 METODO: buildCreator	LINEA:180	MSJE:HHH000006: Autocommit mode: false
2015-06-17 11:28:17.352	 INFO	[main]	CLASE: DriverManagerConnectionProviderImpl	 METODO: configure	LINEA:102	MSJE:HHH000115: Hibernate connection pool size: 20 (min=1)
2015-06-17 11:28:17.649	 INFO	[main]	CLASE: Dialect	 METODO: <init>	LINEA:145	MSJE:HHH000400: Using dialect: org.hibernate.dialect.SQLServer2005Dialect
2015-06-17 11:28:18.072	 INFO	[main]	CLASE: ASTQueryTranslatorFactory	 METODO: <init>	LINEA:47	MSJE:HHH000397: Using ASTQueryTranslatorFactory
2015-06-17 11:39:49.899	 WARN	[main]	CLASE: HibernatePersistence	 METODO: logDeprecation	LINEA:58	MSJE:HHH015016: Encountered a deprecated javax.persistence.spi.PersistenceProvider [org.hibernate.ejb.HibernatePersistence]; use [org.hibernate.jpa.HibernatePersistenceProvider] instead.
2015-06-17 11:39:49.904	 WARN	[main]	CLASE: HibernatePersistence	 METODO: logDeprecation	LINEA:58	MSJE:HHH015016: Encountered a deprecated javax.persistence.spi.PersistenceProvider [org.hibernate.ejb.HibernatePersistence]; use [org.hibernate.jpa.HibernatePersistenceProvider] instead.
2015-06-17 11:39:49.905	 WARN	[main]	CLASE: HibernatePersistence	 METODO: logDeprecation	LINEA:58	MSJE:HHH015016: Encountered a deprecated javax.persistence.spi.PersistenceProvider [org.hibernate.ejb.HibernatePersistence]; use [org.hibernate.jpa.HibernatePersistenceProvider] instead.
2015-06-17 11:39:50.070	 INFO	[main]	CLASE: LogHelper	 METODO: logPersistenceUnitInformation	LINEA:46	MSJE:HHH000204: Processing PersistenceUnitInfo [
	name: biosis-PU
	...]
2015-06-17 11:39:50.229	 INFO	[main]	CLASE: Version	 METODO: logVersion	LINEA:54	MSJE:HHH000412: Hibernate Core {4.3.1.Final}
2015-06-17 11:39:50.234	 INFO	[main]	CLASE: Environment	 METODO: <clinit>	LINEA:239	MSJE:HHH000206: hibernate.properties not found
2015-06-17 11:39:50.239	 INFO	[main]	CLASE: Environment	 METODO: buildBytecodeProvider	LINEA:346	MSJE:HHH000021: Bytecode provider name : javassist
2015-06-17 11:39:50.957	 INFO	[main]	CLASE: JavaReflectionManager	 METODO: <clinit>	LINEA:66	MSJE:HCANN000001: Hibernate Commons Annotations {4.0.4.Final}
2015-06-17 11:39:51.019	 WARN	[main]	CLASE: DriverManagerConnectionProviderImpl	 METODO: configure	LINEA:93	MSJE:HHH000402: Using Hibernate built-in connection pool (not for production use!)
2015-06-17 11:39:51.084	 INFO	[main]	CLASE: DriverManagerConnectionProviderImpl	 METODO: buildCreator	LINEA:166	MSJE:HHH000401: using driver [com.microsoft.sqlserver.jdbc.SQLServerDriver] at URL [jdbc:sqlserver://127.0.0.1\MSS2005EX;databaseName=sm_biosis;sendTimeAsDatetime=false]
2015-06-17 11:39:51.084	 INFO	[main]	CLASE: DriverManagerConnectionProviderImpl	 METODO: buildCreator	LINEA:175	MSJE:HHH000046: Connection properties: {user=sa, password=****}
2015-06-17 11:39:51.085	 INFO	[main]	CLASE: DriverManagerConnectionProviderImpl	 METODO: buildCreator	LINEA:180	MSJE:HHH000006: Autocommit mode: false
2015-06-17 11:39:51.087	 INFO	[main]	CLASE: DriverManagerConnectionProviderImpl	 METODO: configure	LINEA:102	MSJE:HHH000115: Hibernate connection pool size: 20 (min=1)
2015-06-17 11:39:51.467	 INFO	[main]	CLASE: Dialect	 METODO: <init>	LINEA:145	MSJE:HHH000400: Using dialect: org.hibernate.dialect.SQLServer2005Dialect
2015-06-17 11:39:52.014	 INFO	[main]	CLASE: ASTQueryTranslatorFactory	 METODO: <init>	LINEA:47	MSJE:HHH000397: Using ASTQueryTranslatorFactory
2015-06-17 11:44:41.805	 WARN	[main]	CLASE: HibernatePersistence	 METODO: logDeprecation	LINEA:58	MSJE:HHH015016: Encountered a deprecated javax.persistence.spi.PersistenceProvider [org.hibernate.ejb.HibernatePersistence]; use [org.hibernate.jpa.HibernatePersistenceProvider] instead.
2015-06-17 11:44:41.815	 WARN	[main]	CLASE: HibernatePersistence	 METODO: logDeprecation	LINEA:58	MSJE:HHH015016: Encountered a deprecated javax.persistence.spi.PersistenceProvider [org.hibernate.ejb.HibernatePersistence]; use [org.hibernate.jpa.HibernatePersistenceProvider] instead.
2015-06-17 11:44:41.815	 WARN	[main]	CLASE: HibernatePersistence	 METODO: logDeprecation	LINEA:58	MSJE:HHH015016: Encountered a deprecated javax.persistence.spi.PersistenceProvider [org.hibernate.ejb.HibernatePersistence]; use [org.hibernate.jpa.HibernatePersistenceProvider] instead.
2015-06-17 11:44:41.965	 INFO	[main]	CLASE: LogHelper	 METODO: logPersistenceUnitInformation	LINEA:46	MSJE:HHH000204: Processing PersistenceUnitInfo [
	name: biosis-PU
	...]
2015-06-17 11:44:42.101	 INFO	[main]	CLASE: Version	 METODO: logVersion	LINEA:54	MSJE:HHH000412: Hibernate Core {4.3.1.Final}
2015-06-17 11:44:42.101	 INFO	[main]	CLASE: Environment	 METODO: <clinit>	LINEA:239	MSJE:HHH000206: hibernate.properties not found
2015-06-17 11:44:42.111	 INFO	[main]	CLASE: Environment	 METODO: buildBytecodeProvider	LINEA:346	MSJE:HHH000021: Bytecode provider name : javassist
2015-06-17 11:44:42.761	 INFO	[main]	CLASE: JavaReflectionManager	 METODO: <clinit>	LINEA:66	MSJE:HCANN000001: Hibernate Commons Annotations {4.0.4.Final}
2015-06-17 11:44:42.821	 WARN	[main]	CLASE: DriverManagerConnectionProviderImpl	 METODO: configure	LINEA:93	MSJE:HHH000402: Using Hibernate built-in connection pool (not for production use!)
2015-06-17 11:44:42.881	 INFO	[main]	CLASE: DriverManagerConnectionProviderImpl	 METODO: buildCreator	LINEA:166	MSJE:HHH000401: using driver [com.microsoft.sqlserver.jdbc.SQLServerDriver] at URL [jdbc:sqlserver://127.0.0.1\MSS2005EX;databaseName=sm_biosis;sendTimeAsDatetime=false]
2015-06-17 11:44:42.881	 INFO	[main]	CLASE: DriverManagerConnectionProviderImpl	 METODO: buildCreator	LINEA:175	MSJE:HHH000046: Connection properties: {user=sa, password=****}
2015-06-17 11:44:42.881	 INFO	[main]	CLASE: DriverManagerConnectionProviderImpl	 METODO: buildCreator	LINEA:180	MSJE:HHH000006: Autocommit mode: false
2015-06-17 11:44:42.881	 INFO	[main]	CLASE: DriverManagerConnectionProviderImpl	 METODO: configure	LINEA:102	MSJE:HHH000115: Hibernate connection pool size: 20 (min=1)
2015-06-17 11:44:43.207	 INFO	[main]	CLASE: Dialect	 METODO: <init>	LINEA:145	MSJE:HHH000400: Using dialect: org.hibernate.dialect.SQLServer2005Dialect
2015-06-17 11:44:43.617	 INFO	[main]	CLASE: ASTQueryTranslatorFactory	 METODO: <init>	LINEA:47	MSJE:HHH000397: Using ASTQueryTranslatorFactory
2015-06-17 11:52:24.866	 WARN	[main]	CLASE: HibernatePersistence	 METODO: logDeprecation	LINEA:58	MSJE:HHH015016: Encountered a deprecated javax.persistence.spi.PersistenceProvider [org.hibernate.ejb.HibernatePersistence]; use [org.hibernate.jpa.HibernatePersistenceProvider] instead.
2015-06-17 11:52:24.876	 WARN	[main]	CLASE: HibernatePersistence	 METODO: logDeprecation	LINEA:58	MSJE:HHH015016: Encountered a deprecated javax.persistence.spi.PersistenceProvider [org.hibernate.ejb.HibernatePersistence]; use [org.hibernate.jpa.HibernatePersistenceProvider] instead.
2015-06-17 11:52:24.876	 WARN	[main]	CLASE: HibernatePersistence	 METODO: logDeprecation	LINEA:58	MSJE:HHH015016: Encountered a deprecated javax.persistence.spi.PersistenceProvider [org.hibernate.ejb.HibernatePersistence]; use [org.hibernate.jpa.HibernatePersistenceProvider] instead.
2015-06-17 11:52:25.006	 INFO	[main]	CLASE: LogHelper	 METODO: logPersistenceUnitInformation	LINEA:46	MSJE:HHH000204: Processing PersistenceUnitInfo [
	name: biosis-PU
	...]
2015-06-17 11:52:25.124	 INFO	[main]	CLASE: Version	 METODO: logVersion	LINEA:54	MSJE:HHH000412: Hibernate Core {4.3.1.Final}
2015-06-17 11:52:25.124	 INFO	[main]	CLASE: Environment	 METODO: <clinit>	LINEA:239	MSJE:HHH000206: hibernate.properties not found
2015-06-17 11:52:25.134	 INFO	[main]	CLASE: Environment	 METODO: buildBytecodeProvider	LINEA:346	MSJE:HHH000021: Bytecode provider name : javassist
2015-06-17 11:52:25.786	 INFO	[main]	CLASE: JavaReflectionManager	 METODO: <clinit>	LINEA:66	MSJE:HCANN000001: Hibernate Commons Annotations {4.0.4.Final}
2015-06-17 11:52:25.846	 WARN	[main]	CLASE: DriverManagerConnectionProviderImpl	 METODO: configure	LINEA:93	MSJE:HHH000402: Using Hibernate built-in connection pool (not for production use!)
2015-06-17 11:52:25.906	 INFO	[main]	CLASE: DriverManagerConnectionProviderImpl	 METODO: buildCreator	LINEA:166	MSJE:HHH000401: using driver [com.microsoft.sqlserver.jdbc.SQLServerDriver] at URL [jdbc:sqlserver://127.0.0.1\MSS2005EX;databaseName=sm_biosis;sendTimeAsDatetime=false]
2015-06-17 11:52:25.906	 INFO	[main]	CLASE: DriverManagerConnectionProviderImpl	 METODO: buildCreator	LINEA:175	MSJE:HHH000046: Connection properties: {user=sa, password=****}
2015-06-17 11:52:25.906	 INFO	[main]	CLASE: DriverManagerConnectionProviderImpl	 METODO: buildCreator	LINEA:180	MSJE:HHH000006: Autocommit mode: false
2015-06-17 11:52:25.906	 INFO	[main]	CLASE: DriverManagerConnectionProviderImpl	 METODO: configure	LINEA:102	MSJE:HHH000115: Hibernate connection pool size: 20 (min=1)
2015-06-17 11:52:26.222	 INFO	[main]	CLASE: Dialect	 METODO: <init>	LINEA:145	MSJE:HHH000400: Using dialect: org.hibernate.dialect.SQLServer2005Dialect
2015-06-17 11:52:26.631	 INFO	[main]	CLASE: ASTQueryTranslatorFactory	 METODO: <init>	LINEA:47	MSJE:HHH000397: Using ASTQueryTranslatorFactory
2015-06-17 12:06:49.091	 WARN	[main]	CLASE: HibernatePersistence	 METODO: logDeprecation	LINEA:58	MSJE:HHH015016: Encountered a deprecated javax.persistence.spi.PersistenceProvider [org.hibernate.ejb.HibernatePersistence]; use [org.hibernate.jpa.HibernatePersistenceProvider] instead.
2015-06-17 12:06:49.091	 WARN	[main]	CLASE: HibernatePersistence	 METODO: logDeprecation	LINEA:58	MSJE:HHH015016: Encountered a deprecated javax.persistence.spi.PersistenceProvider [org.hibernate.ejb.HibernatePersistence]; use [org.hibernate.jpa.HibernatePersistenceProvider] instead.
2015-06-17 12:06:49.091	 WARN	[main]	CLASE: HibernatePersistence	 METODO: logDeprecation	LINEA:58	MSJE:HHH015016: Encountered a deprecated javax.persistence.spi.PersistenceProvider [org.hibernate.ejb.HibernatePersistence]; use [org.hibernate.jpa.HibernatePersistenceProvider] instead.
2015-06-17 12:06:49.266	 INFO	[main]	CLASE: LogHelper	 METODO: logPersistenceUnitInformation	LINEA:46	MSJE:HHH000204: Processing PersistenceUnitInfo [
	name: biosis-PU
	...]
2015-06-17 12:06:49.406	 INFO	[main]	CLASE: Version	 METODO: logVersion	LINEA:54	MSJE:HHH000412: Hibernate Core {4.3.1.Final}
2015-06-17 12:06:49.416	 INFO	[main]	CLASE: Environment	 METODO: <clinit>	LINEA:239	MSJE:HHH000206: hibernate.properties not found
2015-06-17 12:06:49.416	 INFO	[main]	CLASE: Environment	 METODO: buildBytecodeProvider	LINEA:346	MSJE:HHH000021: Bytecode provider name : javassist
2015-06-17 12:06:50.096	 INFO	[main]	CLASE: JavaReflectionManager	 METODO: <clinit>	LINEA:66	MSJE:HCANN000001: Hibernate Commons Annotations {4.0.4.Final}
2015-06-17 12:06:50.166	 WARN	[main]	CLASE: DriverManagerConnectionProviderImpl	 METODO: configure	LINEA:93	MSJE:HHH000402: Using Hibernate built-in connection pool (not for production use!)
2015-06-17 12:06:50.256	 INFO	[main]	CLASE: DriverManagerConnectionProviderImpl	 METODO: buildCreator	LINEA:166	MSJE:HHH000401: using driver [com.microsoft.sqlserver.jdbc.SQLServerDriver] at URL [jdbc:sqlserver://127.0.0.1\MSS2005EX;databaseName=sm_biosis;sendTimeAsDatetime=false]
2015-06-17 12:06:50.256	 INFO	[main]	CLASE: DriverManagerConnectionProviderImpl	 METODO: buildCreator	LINEA:175	MSJE:HHH000046: Connection properties: {user=sa, password=****}
2015-06-17 12:06:50.256	 INFO	[main]	CLASE: DriverManagerConnectionProviderImpl	 METODO: buildCreator	LINEA:180	MSJE:HHH000006: Autocommit mode: false
2015-06-17 12:06:50.266	 INFO	[main]	CLASE: DriverManagerConnectionProviderImpl	 METODO: configure	LINEA:102	MSJE:HHH000115: Hibernate connection pool size: 20 (min=1)
2015-06-17 12:06:50.666	 INFO	[main]	CLASE: Dialect	 METODO: <init>	LINEA:145	MSJE:HHH000400: Using dialect: org.hibernate.dialect.SQLServer2005Dialect
2015-06-17 12:06:51.136	 INFO	[main]	CLASE: ASTQueryTranslatorFactory	 METODO: <init>	LINEA:47	MSJE:HHH000397: Using ASTQueryTranslatorFactory
2015-06-17 12:08:04.206	 WARN	[main]	CLASE: HibernatePersistence	 METODO: logDeprecation	LINEA:58	MSJE:HHH015016: Encountered a deprecated javax.persistence.spi.PersistenceProvider [org.hibernate.ejb.HibernatePersistence]; use [org.hibernate.jpa.HibernatePersistenceProvider] instead.
2015-06-17 12:08:04.206	 WARN	[main]	CLASE: HibernatePersistence	 METODO: logDeprecation	LINEA:58	MSJE:HHH015016: Encountered a deprecated javax.persistence.spi.PersistenceProvider [org.hibernate.ejb.HibernatePersistence]; use [org.hibernate.jpa.HibernatePersistenceProvider] instead.
2015-06-17 12:08:04.206	 WARN	[main]	CLASE: HibernatePersistence	 METODO: logDeprecation	LINEA:58	MSJE:HHH015016: Encountered a deprecated javax.persistence.spi.PersistenceProvider [org.hibernate.ejb.HibernatePersistence]; use [org.hibernate.jpa.HibernatePersistenceProvider] instead.
2015-06-17 12:08:04.346	 INFO	[main]	CLASE: LogHelper	 METODO: logPersistenceUnitInformation	LINEA:46	MSJE:HHH000204: Processing PersistenceUnitInfo [
	name: biosis-PU
	...]
2015-06-17 12:08:04.476	 INFO	[main]	CLASE: Version	 METODO: logVersion	LINEA:54	MSJE:HHH000412: Hibernate Core {4.3.1.Final}
2015-06-17 12:08:04.476	 INFO	[main]	CLASE: Environment	 METODO: <clinit>	LINEA:239	MSJE:HHH000206: hibernate.properties not found
2015-06-17 12:08:04.476	 INFO	[main]	CLASE: Environment	 METODO: buildBytecodeProvider	LINEA:346	MSJE:HHH000021: Bytecode provider name : javassist
2015-06-17 12:08:05.096	 INFO	[main]	CLASE: JavaReflectionManager	 METODO: <clinit>	LINEA:66	MSJE:HCANN000001: Hibernate Commons Annotations {4.0.4.Final}
2015-06-17 12:08:05.149	 WARN	[main]	CLASE: DriverManagerConnectionProviderImpl	 METODO: configure	LINEA:93	MSJE:HHH000402: Using Hibernate built-in connection pool (not for production use!)
2015-06-17 12:08:05.209	 INFO	[main]	CLASE: DriverManagerConnectionProviderImpl	 METODO: buildCreator	LINEA:166	MSJE:HHH000401: using driver [com.microsoft.sqlserver.jdbc.SQLServerDriver] at URL [jdbc:sqlserver://127.0.0.1\MSS2005EX;databaseName=sm_biosis;sendTimeAsDatetime=false]
2015-06-17 12:08:05.209	 INFO	[main]	CLASE: DriverManagerConnectionProviderImpl	 METODO: buildCreator	LINEA:175	MSJE:HHH000046: Connection properties: {user=sa, password=****}
2015-06-17 12:08:05.209	 INFO	[main]	CLASE: DriverManagerConnectionProviderImpl	 METODO: buildCreator	LINEA:180	MSJE:HHH000006: Autocommit mode: false
2015-06-17 12:08:05.209	 INFO	[main]	CLASE: DriverManagerConnectionProviderImpl	 METODO: configure	LINEA:102	MSJE:HHH000115: Hibernate connection pool size: 20 (min=1)
2015-06-17 12:08:05.519	 INFO	[main]	CLASE: Dialect	 METODO: <init>	LINEA:145	MSJE:HHH000400: Using dialect: org.hibernate.dialect.SQLServer2005Dialect
2015-06-17 12:08:05.919	 INFO	[main]	CLASE: ASTQueryTranslatorFactory	 METODO: <init>	LINEA:47	MSJE:HHH000397: Using ASTQueryTranslatorFactory
2015-06-17 12:29:42.129	 WARN	[main]	CLASE: HibernatePersistence	 METODO: logDeprecation	LINEA:58	MSJE:HHH015016: Encountered a deprecated javax.persistence.spi.PersistenceProvider [org.hibernate.ejb.HibernatePersistence]; use [org.hibernate.jpa.HibernatePersistenceProvider] instead.
2015-06-17 12:29:42.139	 WARN	[main]	CLASE: HibernatePersistence	 METODO: logDeprecation	LINEA:58	MSJE:HHH015016: Encountered a deprecated javax.persistence.spi.PersistenceProvider [org.hibernate.ejb.HibernatePersistence]; use [org.hibernate.jpa.HibernatePersistenceProvider] instead.
2015-06-17 12:29:42.139	 WARN	[main]	CLASE: HibernatePersistence	 METODO: logDeprecation	LINEA:58	MSJE:HHH015016: Encountered a deprecated javax.persistence.spi.PersistenceProvider [org.hibernate.ejb.HibernatePersistence]; use [org.hibernate.jpa.HibernatePersistenceProvider] instead.
2015-06-17 12:29:42.260	 INFO	[main]	CLASE: LogHelper	 METODO: logPersistenceUnitInformation	LINEA:46	MSJE:HHH000204: Processing PersistenceUnitInfo [
	name: biosis-PU
	...]
2015-06-17 12:29:42.380	 INFO	[main]	CLASE: Version	 METODO: logVersion	LINEA:54	MSJE:HHH000412: Hibernate Core {4.3.1.Final}
2015-06-17 12:29:42.390	 INFO	[main]	CLASE: Environment	 METODO: <clinit>	LINEA:239	MSJE:HHH000206: hibernate.properties not found
2015-06-17 12:29:42.390	 INFO	[main]	CLASE: Environment	 METODO: buildBytecodeProvider	LINEA:346	MSJE:HHH000021: Bytecode provider name : javassist
2015-06-17 12:29:43.050	 INFO	[main]	CLASE: JavaReflectionManager	 METODO: <clinit>	LINEA:66	MSJE:HCANN000001: Hibernate Commons Annotations {4.0.4.Final}
2015-06-17 12:29:43.110	 WARN	[main]	CLASE: DriverManagerConnectionProviderImpl	 METODO: configure	LINEA:93	MSJE:HHH000402: Using Hibernate built-in connection pool (not for production use!)
2015-06-17 12:29:43.170	 INFO	[main]	CLASE: DriverManagerConnectionProviderImpl	 METODO: buildCreator	LINEA:166	MSJE:HHH000401: using driver [com.microsoft.sqlserver.jdbc.SQLServerDriver] at URL [jdbc:sqlserver://127.0.0.1\MSS2005EX;databaseName=sm_biosis;sendTimeAsDatetime=false]
2015-06-17 12:29:43.170	 INFO	[main]	CLASE: DriverManagerConnectionProviderImpl	 METODO: buildCreator	LINEA:175	MSJE:HHH000046: Connection properties: {user=sa, password=****}
2015-06-17 12:29:43.170	 INFO	[main]	CLASE: DriverManagerConnectionProviderImpl	 METODO: buildCreator	LINEA:180	MSJE:HHH000006: Autocommit mode: false
2015-06-17 12:29:43.170	 INFO	[main]	CLASE: DriverManagerConnectionProviderImpl	 METODO: configure	LINEA:102	MSJE:HHH000115: Hibernate connection pool size: 20 (min=1)
2015-06-17 12:29:43.934	 INFO	[main]	CLASE: Dialect	 METODO: <init>	LINEA:145	MSJE:HHH000400: Using dialect: org.hibernate.dialect.SQLServer2005Dialect
2015-06-17 12:29:44.344	 INFO	[main]	CLASE: ASTQueryTranslatorFactory	 METODO: <init>	LINEA:47	MSJE:HHH000397: Using ASTQueryTranslatorFactory
2015-06-17 12:32:06.360	 WARN	[main]	CLASE: HibernatePersistence	 METODO: logDeprecation	LINEA:58	MSJE:HHH015016: Encountered a deprecated javax.persistence.spi.PersistenceProvider [org.hibernate.ejb.HibernatePersistence]; use [org.hibernate.jpa.HibernatePersistenceProvider] instead.
2015-06-17 12:32:06.370	 WARN	[main]	CLASE: HibernatePersistence	 METODO: logDeprecation	LINEA:58	MSJE:HHH015016: Encountered a deprecated javax.persistence.spi.PersistenceProvider [org.hibernate.ejb.HibernatePersistence]; use [org.hibernate.jpa.HibernatePersistenceProvider] instead.
2015-06-17 12:32:06.370	 WARN	[main]	CLASE: HibernatePersistence	 METODO: logDeprecation	LINEA:58	MSJE:HHH015016: Encountered a deprecated javax.persistence.spi.PersistenceProvider [org.hibernate.ejb.HibernatePersistence]; use [org.hibernate.jpa.HibernatePersistenceProvider] instead.
2015-06-17 12:32:06.500	 INFO	[main]	CLASE: LogHelper	 METODO: logPersistenceUnitInformation	LINEA:46	MSJE:HHH000204: Processing PersistenceUnitInfo [
	name: biosis-PU
	...]
2015-06-17 12:32:06.610	 INFO	[main]	CLASE: Version	 METODO: logVersion	LINEA:54	MSJE:HHH000412: Hibernate Core {4.3.1.Final}
2015-06-17 12:32:06.620	 INFO	[main]	CLASE: Environment	 METODO: <clinit>	LINEA:239	MSJE:HHH000206: hibernate.properties not found
2015-06-17 12:32:06.620	 INFO	[main]	CLASE: Environment	 METODO: buildBytecodeProvider	LINEA:346	MSJE:HHH000021: Bytecode provider name : javassist
2015-06-17 12:32:07.231	 INFO	[main]	CLASE: JavaReflectionManager	 METODO: <clinit>	LINEA:66	MSJE:HCANN000001: Hibernate Commons Annotations {4.0.4.Final}
2015-06-17 12:32:07.293	 WARN	[main]	CLASE: DriverManagerConnectionProviderImpl	 METODO: configure	LINEA:93	MSJE:HHH000402: Using Hibernate built-in connection pool (not for production use!)
2015-06-17 12:32:07.353	 INFO	[main]	CLASE: DriverManagerConnectionProviderImpl	 METODO: buildCreator	LINEA:166	MSJE:HHH000401: using driver [com.microsoft.sqlserver.jdbc.SQLServerDriver] at URL [jdbc:sqlserver://127.0.0.1\MSS2005EX;databaseName=sm_biosis;sendTimeAsDatetime=false]
2015-06-17 12:32:07.353	 INFO	[main]	CLASE: DriverManagerConnectionProviderImpl	 METODO: buildCreator	LINEA:175	MSJE:HHH000046: Connection properties: {user=sa, password=****}
2015-06-17 12:32:07.353	 INFO	[main]	CLASE: DriverManagerConnectionProviderImpl	 METODO: buildCreator	LINEA:180	MSJE:HHH000006: Autocommit mode: false
2015-06-17 12:32:07.353	 INFO	[main]	CLASE: DriverManagerConnectionProviderImpl	 METODO: configure	LINEA:102	MSJE:HHH000115: Hibernate connection pool size: 20 (min=1)
2015-06-17 12:32:07.753	 INFO	[main]	CLASE: Dialect	 METODO: <init>	LINEA:145	MSJE:HHH000400: Using dialect: org.hibernate.dialect.SQLServer2005Dialect
2015-06-17 12:32:08.193	 INFO	[main]	CLASE: ASTQueryTranslatorFactory	 METODO: <init>	LINEA:47	MSJE:HHH000397: Using ASTQueryTranslatorFactory
2015-06-17 13:51:59.664	 WARN	[main]	CLASE: HibernatePersistence	 METODO: logDeprecation	LINEA:58	MSJE:HHH015016: Encountered a deprecated javax.persistence.spi.PersistenceProvider [org.hibernate.ejb.HibernatePersistence]; use [org.hibernate.jpa.HibernatePersistenceProvider] instead.
2015-06-17 13:51:59.668	 WARN	[main]	CLASE: HibernatePersistence	 METODO: logDeprecation	LINEA:58	MSJE:HHH015016: Encountered a deprecated javax.persistence.spi.PersistenceProvider [org.hibernate.ejb.HibernatePersistence]; use [org.hibernate.jpa.HibernatePersistenceProvider] instead.
2015-06-17 13:51:59.669	 WARN	[main]	CLASE: HibernatePersistence	 METODO: logDeprecation	LINEA:58	MSJE:HHH015016: Encountered a deprecated javax.persistence.spi.PersistenceProvider [org.hibernate.ejb.HibernatePersistence]; use [org.hibernate.jpa.HibernatePersistenceProvider] instead.
2015-06-17 13:51:59.825	 INFO	[main]	CLASE: LogHelper	 METODO: logPersistenceUnitInformation	LINEA:46	MSJE:HHH000204: Processing PersistenceUnitInfo [
	name: biosis-PU
	...]
2015-06-17 13:52:00.007	 INFO	[main]	CLASE: Version	 METODO: logVersion	LINEA:54	MSJE:HHH000412: Hibernate Core {4.3.1.Final}
2015-06-17 13:52:00.011	 INFO	[main]	CLASE: Environment	 METODO: <clinit>	LINEA:239	MSJE:HHH000206: hibernate.properties not found
2015-06-17 13:52:00.015	 INFO	[main]	CLASE: Environment	 METODO: buildBytecodeProvider	LINEA:346	MSJE:HHH000021: Bytecode provider name : javassist
2015-06-17 13:52:00.839	 INFO	[main]	CLASE: JavaReflectionManager	 METODO: <clinit>	LINEA:66	MSJE:HCANN000001: Hibernate Commons Annotations {4.0.4.Final}
2015-06-17 13:52:00.929	 WARN	[main]	CLASE: DriverManagerConnectionProviderImpl	 METODO: configure	LINEA:93	MSJE:HHH000402: Using Hibernate built-in connection pool (not for production use!)
2015-06-17 13:52:01.005	 INFO	[main]	CLASE: DriverManagerConnectionProviderImpl	 METODO: buildCreator	LINEA:166	MSJE:HHH000401: using driver [com.microsoft.sqlserver.jdbc.SQLServerDriver] at URL [jdbc:sqlserver://127.0.0.1\MSS2005EX;databaseName=sm_biosis;sendTimeAsDatetime=false]
2015-06-17 13:52:01.006	 INFO	[main]	CLASE: DriverManagerConnectionProviderImpl	 METODO: buildCreator	LINEA:175	MSJE:HHH000046: Connection properties: {user=sa, password=****}
2015-06-17 13:52:01.006	 INFO	[main]	CLASE: DriverManagerConnectionProviderImpl	 METODO: buildCreator	LINEA:180	MSJE:HHH000006: Autocommit mode: false
2015-06-17 13:52:01.008	 INFO	[main]	CLASE: DriverManagerConnectionProviderImpl	 METODO: configure	LINEA:102	MSJE:HHH000115: Hibernate connection pool size: 20 (min=1)
2015-06-17 13:52:01.396	 INFO	[main]	CLASE: Dialect	 METODO: <init>	LINEA:145	MSJE:HHH000400: Using dialect: org.hibernate.dialect.SQLServer2005Dialect
2015-06-17 13:52:01.855	 INFO	[main]	CLASE: ASTQueryTranslatorFactory	 METODO: <init>	LINEA:47	MSJE:HHH000397: Using ASTQueryTranslatorFactory
2015-06-17 13:53:36.318	 WARN	[main]	CLASE: HibernatePersistence	 METODO: logDeprecation	LINEA:58	MSJE:HHH015016: Encountered a deprecated javax.persistence.spi.PersistenceProvider [org.hibernate.ejb.HibernatePersistence]; use [org.hibernate.jpa.HibernatePersistenceProvider] instead.
2015-06-17 13:53:36.322	 WARN	[main]	CLASE: HibernatePersistence	 METODO: logDeprecation	LINEA:58	MSJE:HHH015016: Encountered a deprecated javax.persistence.spi.PersistenceProvider [org.hibernate.ejb.HibernatePersistence]; use [org.hibernate.jpa.HibernatePersistenceProvider] instead.
2015-06-17 13:53:36.323	 WARN	[main]	CLASE: HibernatePersistence	 METODO: logDeprecation	LINEA:58	MSJE:HHH015016: Encountered a deprecated javax.persistence.spi.PersistenceProvider [org.hibernate.ejb.HibernatePersistence]; use [org.hibernate.jpa.HibernatePersistenceProvider] instead.
2015-06-17 13:53:36.472	 INFO	[main]	CLASE: LogHelper	 METODO: logPersistenceUnitInformation	LINEA:46	MSJE:HHH000204: Processing PersistenceUnitInfo [
	name: biosis-PU
	...]
2015-06-17 13:53:36.598	 INFO	[main]	CLASE: Version	 METODO: logVersion	LINEA:54	MSJE:HHH000412: Hibernate Core {4.3.1.Final}
2015-06-17 13:53:36.601	 INFO	[main]	CLASE: Environment	 METODO: <clinit>	LINEA:239	MSJE:HHH000206: hibernate.properties not found
2015-06-17 13:53:36.604	 INFO	[main]	CLASE: Environment	 METODO: buildBytecodeProvider	LINEA:346	MSJE:HHH000021: Bytecode provider name : javassist
2015-06-17 13:53:37.295	 INFO	[main]	CLASE: JavaReflectionManager	 METODO: <clinit>	LINEA:66	MSJE:HCANN000001: Hibernate Commons Annotations {4.0.4.Final}
2015-06-17 13:53:37.371	 WARN	[main]	CLASE: DriverManagerConnectionProviderImpl	 METODO: configure	LINEA:93	MSJE:HHH000402: Using Hibernate built-in connection pool (not for production use!)
2015-06-17 13:53:37.436	 INFO	[main]	CLASE: DriverManagerConnectionProviderImpl	 METODO: buildCreator	LINEA:166	MSJE:HHH000401: using driver [com.microsoft.sqlserver.jdbc.SQLServerDriver] at URL [jdbc:sqlserver://127.0.0.1\MSS2005EX;databaseName=sm_biosis;sendTimeAsDatetime=false]
2015-06-17 13:53:37.437	 INFO	[main]	CLASE: DriverManagerConnectionProviderImpl	 METODO: buildCreator	LINEA:175	MSJE:HHH000046: Connection properties: {user=sa, password=****}
2015-06-17 13:53:37.438	 INFO	[main]	CLASE: DriverManagerConnectionProviderImpl	 METODO: buildCreator	LINEA:180	MSJE:HHH000006: Autocommit mode: false
2015-06-17 13:53:37.440	 INFO	[main]	CLASE: DriverManagerConnectionProviderImpl	 METODO: configure	LINEA:102	MSJE:HHH000115: Hibernate connection pool size: 20 (min=1)
2015-06-17 13:53:37.848	 INFO	[main]	CLASE: Dialect	 METODO: <init>	LINEA:145	MSJE:HHH000400: Using dialect: org.hibernate.dialect.SQLServer2005Dialect
2015-06-17 13:53:38.357	 INFO	[main]	CLASE: ASTQueryTranslatorFactory	 METODO: <init>	LINEA:47	MSJE:HHH000397: Using ASTQueryTranslatorFactory
2015-06-17 13:56:19.174	 WARN	[main]	CLASE: HibernatePersistence	 METODO: logDeprecation	LINEA:58	MSJE:HHH015016: Encountered a deprecated javax.persistence.spi.PersistenceProvider [org.hibernate.ejb.HibernatePersistence]; use [org.hibernate.jpa.HibernatePersistenceProvider] instead.
2015-06-17 13:56:19.178	 WARN	[main]	CLASE: HibernatePersistence	 METODO: logDeprecation	LINEA:58	MSJE:HHH015016: Encountered a deprecated javax.persistence.spi.PersistenceProvider [org.hibernate.ejb.HibernatePersistence]; use [org.hibernate.jpa.HibernatePersistenceProvider] instead.
2015-06-17 13:56:19.180	 WARN	[main]	CLASE: HibernatePersistence	 METODO: logDeprecation	LINEA:58	MSJE:HHH015016: Encountered a deprecated javax.persistence.spi.PersistenceProvider [org.hibernate.ejb.HibernatePersistence]; use [org.hibernate.jpa.HibernatePersistenceProvider] instead.
2015-06-17 13:56:19.342	 INFO	[main]	CLASE: LogHelper	 METODO: logPersistenceUnitInformation	LINEA:46	MSJE:HHH000204: Processing PersistenceUnitInfo [
	name: biosis-PU
	...]
2015-06-17 13:56:19.490	 INFO	[main]	CLASE: Version	 METODO: logVersion	LINEA:54	MSJE:HHH000412: Hibernate Core {4.3.1.Final}
2015-06-17 13:56:19.494	 INFO	[main]	CLASE: Environment	 METODO: <clinit>	LINEA:239	MSJE:HHH000206: hibernate.properties not found
2015-06-17 13:56:19.497	 INFO	[main]	CLASE: Environment	 METODO: buildBytecodeProvider	LINEA:346	MSJE:HHH000021: Bytecode provider name : javassist
2015-06-17 13:56:20.256	 INFO	[main]	CLASE: JavaReflectionManager	 METODO: <clinit>	LINEA:66	MSJE:HCANN000001: Hibernate Commons Annotations {4.0.4.Final}
2015-06-17 13:56:20.328	 WARN	[main]	CLASE: DriverManagerConnectionProviderImpl	 METODO: configure	LINEA:93	MSJE:HHH000402: Using Hibernate built-in connection pool (not for production use!)
2015-06-17 13:56:20.399	 INFO	[main]	CLASE: DriverManagerConnectionProviderImpl	 METODO: buildCreator	LINEA:166	MSJE:HHH000401: using driver [com.microsoft.sqlserver.jdbc.SQLServerDriver] at URL [jdbc:sqlserver://127.0.0.1\MSS2005EX;databaseName=sm_biosis;sendTimeAsDatetime=false]
2015-06-17 13:56:20.400	 INFO	[main]	CLASE: DriverManagerConnectionProviderImpl	 METODO: buildCreator	LINEA:175	MSJE:HHH000046: Connection properties: {user=sa, password=****}
2015-06-17 13:56:20.400	 INFO	[main]	CLASE: DriverManagerConnectionProviderImpl	 METODO: buildCreator	LINEA:180	MSJE:HHH000006: Autocommit mode: false
2015-06-17 13:56:20.402	 INFO	[main]	CLASE: DriverManagerConnectionProviderImpl	 METODO: configure	LINEA:102	MSJE:HHH000115: Hibernate connection pool size: 20 (min=1)
2015-06-17 13:56:20.866	 INFO	[main]	CLASE: Dialect	 METODO: <init>	LINEA:145	MSJE:HHH000400: Using dialect: org.hibernate.dialect.SQLServer2005Dialect
2015-06-17 13:56:21.310	 INFO	[main]	CLASE: ASTQueryTranslatorFactory	 METODO: <init>	LINEA:47	MSJE:HHH000397: Using ASTQueryTranslatorFactory
